<?xml version="1.0" encoding="UTF-8"?>
<testsuite xmlns:xsi="http://www.w3.org/2001/XMLSchema-instance" xsi:noNamespaceSchemaLocation="https://maven.apache.org/surefire/maven-surefire-plugin/xsd/surefire-test-report.xsd" name="com.ogx.shop.ShopApplicationTests" time="6.293" tests="2" errors="0" skipped="0" failures="0">
  <properties>
    <property name="sun.desktop" value="windows"/>
    <property name="awt.toolkit" value="sun.awt.windows.WToolkit"/>
    <property name="file.encoding.pkg" value="sun.io"/>
    <property name="java.specification.version" value="1.8"/>
    <property name="sun.cpu.isalist" value="amd64"/>
    <property name="sun.jnu.encoding" value="GBK"/>
    <property name="java.class.path" value="C:\Users\iverson\Downloads\jsoup-shop-master\shop\target\test-classes;C:\Users\iverson\Downloads\jsoup-shop-master\shop\target\classes;E:\javasource\maven-repository\org\springframework\boot\spring-boot-starter-thymeleaf\2.1.3.RELEASE\spring-boot-starter-thymeleaf-2.1.3.RELEASE.jar;E:\javasource\maven-repository\org\springframework\boot\spring-boot-starter\2.1.3.RELEASE\spring-boot-starter-2.1.3.RELEASE.jar;E:\javasource\maven-repository\org\springframework\boot\spring-boot-starter-logging\2.1.3.RELEASE\spring-boot-starter-logging-2.1.3.RELEASE.jar;E:\javasource\maven-repository\ch\qos\logback\logback-classic\1.2.3\logback-classic-1.2.3.jar;E:\javasource\maven-repository\ch\qos\logback\logback-core\1.2.3\logback-core-1.2.3.jar;E:\javasource\maven-repository\org\apache\logging\log4j\log4j-to-slf4j\2.11.2\log4j-to-slf4j-2.11.2.jar;E:\javasource\maven-repository\org\apache\logging\log4j\log4j-api\2.11.2\log4j-api-2.11.2.jar;E:\javasource\maven-repository\org\slf4j\jul-to-slf4j\1.7.25\jul-to-slf4j-1.7.25.jar;E:\javasource\maven-repository\javax\annotation\javax.annotation-api\1.3.2\javax.annotation-api-1.3.2.jar;E:\javasource\maven-repository\org\yaml\snakeyaml\1.23\snakeyaml-1.23.jar;E:\javasource\maven-repository\org\thymeleaf\thymeleaf-spring5\3.0.11.RELEASE\thymeleaf-spring5-3.0.11.RELEASE.jar;E:\javasource\maven-repository\org\thymeleaf\thymeleaf\3.0.11.RELEASE\thymeleaf-3.0.11.RELEASE.jar;E:\javasource\maven-repository\org\attoparser\attoparser\2.0.5.RELEASE\attoparser-2.0.5.RELEASE.jar;E:\javasource\maven-repository\org\unbescape\unbescape\1.1.6.RELEASE\unbescape-1.1.6.RELEASE.jar;E:\javasource\maven-repository\org\thymeleaf\extras\thymeleaf-extras-java8time\3.0.3.RELEASE\thymeleaf-extras-java8time-3.0.3.RELEASE.jar;E:\javasource\maven-repository\org\springframework\boot\spring-boot-starter-web\2.1.3.RELEASE\spring-boot-starter-web-2.1.3.RELEASE.jar;E:\javasource\maven-repository\org\springframework\boot\spring-boot-starter-json\2.1.3.RELEASE\spring-boot-starter-json-2.1.3.RELEASE.jar;E:\javasource\maven-repository\com\fasterxml\jackson\datatype\jackson-datatype-jdk8\2.9.8\jackson-datatype-jdk8-2.9.8.jar;E:\javasource\maven-repository\com\fasterxml\jackson\datatype\jackson-datatype-jsr310\2.9.8\jackson-datatype-jsr310-2.9.8.jar;E:\javasource\maven-repository\com\fasterxml\jackson\module\jackson-module-parameter-names\2.9.8\jackson-module-parameter-names-2.9.8.jar;E:\javasource\maven-repository\org\springframework\boot\spring-boot-starter-tomcat\2.1.3.RELEASE\spring-boot-starter-tomcat-2.1.3.RELEASE.jar;E:\javasource\maven-repository\org\apache\tomcat\embed\tomcat-embed-websocket\9.0.16\tomcat-embed-websocket-9.0.16.jar;E:\javasource\maven-repository\org\hibernate\validator\hibernate-validator\6.0.14.Final\hibernate-validator-6.0.14.Final.jar;E:\javasource\maven-repository\javax\validation\validation-api\2.0.1.Final\validation-api-2.0.1.Final.jar;E:\javasource\maven-repository\org\jboss\logging\jboss-logging\3.3.2.Final\jboss-logging-3.3.2.Final.jar;E:\javasource\maven-repository\com\fasterxml\classmate\1.4.0\classmate-1.4.0.jar;E:\javasource\maven-repository\org\springframework\spring-web\5.1.5.RELEASE\spring-web-5.1.5.RELEASE.jar;E:\javasource\maven-repository\org\springframework\spring-beans\5.1.5.RELEASE\spring-beans-5.1.5.RELEASE.jar;E:\javasource\maven-repository\org\springframework\spring-webmvc\5.1.5.RELEASE\spring-webmvc-5.1.5.RELEASE.jar;E:\javasource\maven-repository\org\springframework\spring-aop\5.1.5.RELEASE\spring-aop-5.1.5.RELEASE.jar;E:\javasource\maven-repository\org\springframework\spring-context\5.1.5.RELEASE\spring-context-5.1.5.RELEASE.jar;E:\javasource\maven-repository\org\springframework\spring-expression\5.1.5.RELEASE\spring-expression-5.1.5.RELEASE.jar;E:\javasource\maven-repository\mysql\mysql-connector-java\5.1.30\mysql-connector-java-5.1.30.jar;E:\javasource\maven-repository\com\alipay\sdk\alipay-sdk-java\3.7.4.ALL\alipay-sdk-java-3.7.4.ALL.jar;E:\javasource\maven-repository\commons-logging\commons-logging\1.1.1\commons-logging-1.1.1.jar;E:\javasource\maven-repository\org\springframework\boot\spring-boot-starter-jdbc\2.1.3.RELEASE\spring-boot-starter-jdbc-2.1.3.RELEASE.jar;E:\javasource\maven-repository\com\zaxxer\HikariCP\3.2.0\HikariCP-3.2.0.jar;E:\javasource\maven-repository\org\springframework\spring-jdbc\5.1.5.RELEASE\spring-jdbc-5.1.5.RELEASE.jar;E:\javasource\maven-repository\org\springframework\spring-tx\5.1.5.RELEASE\spring-tx-5.1.5.RELEASE.jar;E:\javasource\maven-repository\org\springframework\boot\spring-boot-starter-test\2.1.3.RELEASE\spring-boot-starter-test-2.1.3.RELEASE.jar;E:\javasource\maven-repository\org\springframework\boot\spring-boot-test\2.1.3.RELEASE\spring-boot-test-2.1.3.RELEASE.jar;E:\javasource\maven-repository\org\springframework\boot\spring-boot-test-autoconfigure\2.1.3.RELEASE\spring-boot-test-autoconfigure-2.1.3.RELEASE.jar;E:\javasource\maven-repository\com\jayway\jsonpath\json-path\2.4.0\json-path-2.4.0.jar;E:\javasource\maven-repository\net\minidev\json-smart\2.3\json-smart-2.3.jar;E:\javasource\maven-repository\net\minidev\accessors-smart\1.2\accessors-smart-1.2.jar;E:\javasource\maven-repository\org\ow2\asm\asm\5.0.4\asm-5.0.4.jar;E:\javasource\maven-repository\junit\junit\4.12\junit-4.12.jar;E:\javasource\maven-repository\org\assertj\assertj-core\3.11.1\assertj-core-3.11.1.jar;E:\javasource\maven-repository\org\mockito\mockito-core\2.23.4\mockito-core-2.23.4.jar;E:\javasource\maven-repository\net\bytebuddy\byte-buddy\1.9.10\byte-buddy-1.9.10.jar;E:\javasource\maven-repository\net\bytebuddy\byte-buddy-agent\1.9.10\byte-buddy-agent-1.9.10.jar;E:\javasource\maven-repository\org\objenesis\objenesis\2.6\objenesis-2.6.jar;E:\javasource\maven-repository\org\hamcrest\hamcrest-core\1.3\hamcrest-core-1.3.jar;E:\javasource\maven-repository\org\hamcrest\hamcrest-library\1.3\hamcrest-library-1.3.jar;E:\javasource\maven-repository\org\skyscreamer\jsonassert\1.5.0\jsonassert-1.5.0.jar;E:\javasource\maven-repository\com\vaadin\external\google\android-json\0.0.20131108.vaadin1\android-json-0.0.20131108.vaadin1.jar;E:\javasource\maven-repository\org\springframework\spring-core\5.1.5.RELEASE\spring-core-5.1.5.RELEASE.jar;E:\javasource\maven-repository\org\springframework\spring-jcl\5.1.5.RELEASE\spring-jcl-5.1.5.RELEASE.jar;E:\javasource\maven-repository\org\springframework\spring-test\5.1.5.RELEASE\spring-test-5.1.5.RELEASE.jar;E:\javasource\maven-repository\org\xmlunit\xmlunit-core\2.6.2\xmlunit-core-2.6.2.jar;E:\javasource\maven-repository\org\springframework\boot\spring-boot-devtools\2.0.2.RELEASE\spring-boot-devtools-2.0.2.RELEASE.jar;E:\javasource\maven-repository\org\springframework\boot\spring-boot\2.1.3.RELEASE\spring-boot-2.1.3.RELEASE.jar;E:\javasource\maven-repository\org\springframework\boot\spring-boot-autoconfigure\2.1.3.RELEASE\spring-boot-autoconfigure-2.1.3.RELEASE.jar;E:\javasource\maven-repository\org\mybatis\spring\boot\mybatis-spring-boot-starter\1.3.2\mybatis-spring-boot-starter-1.3.2.jar;E:\javasource\maven-repository\org\mybatis\spring\boot\mybatis-spring-boot-autoconfigure\1.3.2\mybatis-spring-boot-autoconfigure-1.3.2.jar;E:\javasource\maven-repository\org\mybatis\mybatis\3.4.6\mybatis-3.4.6.jar;E:\javasource\maven-repository\org\mybatis\mybatis-spring\1.3.2\mybatis-spring-1.3.2.jar;E:\javasource\maven-repository\com\alibaba\druid\1.1.0\druid-1.1.0.jar;C:\Program Files\Java\jdk1.8.0_77\jre\..\lib\jconsole.jar;C:\Program Files\Java\jdk1.8.0_77\jre\..\lib\tools.jar;E:\javasource\maven-repository\org\mybatis\generator\mybatis-generator-core\1.3.5\mybatis-generator-core-1.3.5.jar;E:\javasource\maven-repository\org\springframework\boot\spring-boot-starter-mail\2.1.3.RELEASE\spring-boot-starter-mail-2.1.3.RELEASE.jar;E:\javasource\maven-repository\org\springframework\spring-context-support\5.1.5.RELEASE\spring-context-support-5.1.5.RELEASE.jar;E:\javasource\maven-repository\com\sun\mail\javax.mail\1.6.2\javax.mail-1.6.2.jar;E:\javasource\maven-repository\javax\activation\activation\1.1\activation-1.1.jar;E:\javasource\maven-repository\commons-io\commons-io\2.4\commons-io-2.4.jar;E:\javasource\maven-repository\org\apache\shiro\shiro-core\1.2.3\shiro-core-1.2.3.jar;E:\javasource\maven-repository\org\slf4j\slf4j-api\1.7.25\slf4j-api-1.7.25.jar;E:\javasource\maven-repository\commons-beanutils\commons-beanutils\1.8.3\commons-beanutils-1.8.3.jar;E:\javasource\maven-repository\org\apache\shiro\shiro-web\1.2.3\shiro-web-1.2.3.jar;E:\javasource\maven-repository\org\apache\shiro\shiro-ehcache\1.2.3\shiro-ehcache-1.2.3.jar;E:\javasource\maven-repository\net\sf\ehcache\ehcache-core\2.5.0\ehcache-core-2.5.0.jar;E:\javasource\maven-repository\org\apache\shiro\shiro-spring\1.2.3\shiro-spring-1.2.3.jar;E:\javasource\maven-repository\com\github\pagehelper\pagehelper-spring-boot-starter\1.2.3\pagehelper-spring-boot-starter-1.2.3.jar;E:\javasource\maven-repository\com\github\pagehelper\pagehelper-spring-boot-autoconfigure\1.2.3\pagehelper-spring-boot-autoconfigure-1.2.3.jar;E:\javasource\maven-repository\com\github\pagehelper\pagehelper\5.1.2\pagehelper-5.1.2.jar;E:\javasource\maven-repository\com\github\jsqlparser\jsqlparser\1.0\jsqlparser-1.0.jar;E:\javasource\maven-repository\commons-lang\commons-lang\2.6\commons-lang-2.6.jar;E:\javasource\maven-repository\javax\servlet\jstl\1.2\jstl-1.2.jar;E:\javasource\maven-repository\org\apache\tomcat\embed\tomcat-embed-jasper\9.0.16\tomcat-embed-jasper-9.0.16.jar;E:\javasource\maven-repository\org\apache\tomcat\embed\tomcat-embed-core\9.0.16\tomcat-embed-core-9.0.16.jar;E:\javasource\maven-repository\org\apache\tomcat\tomcat-annotations-api\9.0.16\tomcat-annotations-api-9.0.16.jar;E:\javasource\maven-repository\org\apache\tomcat\embed\tomcat-embed-el\9.0.16\tomcat-embed-el-9.0.16.jar;E:\javasource\maven-repository\org\eclipse\jdt\ecj\3.15.0\ecj-3.15.0.jar;E:\javasource\maven-repository\com\alibaba\fastjson\1.2.6\fastjson-1.2.6.jar;E:\javasource\maven-repository\com\fasterxml\jackson\core\jackson-core\2.9.5\jackson-core-2.9.5.jar;E:\javasource\maven-repository\com\fasterxml\jackson\core\jackson-databind\2.9.5\jackson-databind-2.9.5.jar;E:\javasource\maven-repository\com\fasterxml\jackson\core\jackson-annotations\2.9.5\jackson-annotations-2.9.5.jar;E:\javasource\maven-repository\org\projectlombok\lombok\1.18.6\lombok-1.18.6.jar;E:\javasource\maven-repository\cn\hutool\hutool-all\4.0.10\hutool-all-4.0.10.jar;E:\javasource\maven-repository\commons-fileupload\commons-fileupload\1.2.2\commons-fileupload-1.2.2.jar;"/>
    <property name="java.vm.vendor" value="Oracle Corporation"/>
    <property name="sun.arch.data.model" value="64"/>
    <property name="user.variant" value=""/>
    <property name="java.vendor.url" value="http://java.oracle.com/"/>
    <property name="user.timezone" value="Asia/Shanghai"/>
    <property name="java.vm.specification.version" value="1.8"/>
    <property name="os.name" value="Windows 10"/>
    <property name="user.country" value="CN"/>
    <property name="sun.java.launcher" value="SUN_STANDARD"/>
    <property name="sun.boot.library.path" value="C:\Program Files\Java\jdk1.8.0_77\jre\bin"/>
    <property name="sun.java.command" value="C:\Users\iverson\AppData\Local\Temp\surefire554134970672297297\surefirebooter6796127747433044509.jar C:\Users\iverson\AppData\Local\Temp\surefire554134970672297297 2020-02-23T21-41-50_459-jvmRun1 surefire4735164053843595371tmp surefire_05043023989007103904tmp"/>
    <property name="surefire.test.class.path" value="C:\Users\iverson\Downloads\jsoup-shop-master\shop\target\test-classes;C:\Users\iverson\Downloads\jsoup-shop-master\shop\target\classes;E:\javasource\maven-repository\org\springframework\boot\spring-boot-starter-thymeleaf\2.1.3.RELEASE\spring-boot-starter-thymeleaf-2.1.3.RELEASE.jar;E:\javasource\maven-repository\org\springframework\boot\spring-boot-starter\2.1.3.RELEASE\spring-boot-starter-2.1.3.RELEASE.jar;E:\javasource\maven-repository\org\springframework\boot\spring-boot-starter-logging\2.1.3.RELEASE\spring-boot-starter-logging-2.1.3.RELEASE.jar;E:\javasource\maven-repository\ch\qos\logback\logback-classic\1.2.3\logback-classic-1.2.3.jar;E:\javasource\maven-repository\ch\qos\logback\logback-core\1.2.3\logback-core-1.2.3.jar;E:\javasource\maven-repository\org\apache\logging\log4j\log4j-to-slf4j\2.11.2\log4j-to-slf4j-2.11.2.jar;E:\javasource\maven-repository\org\apache\logging\log4j\log4j-api\2.11.2\log4j-api-2.11.2.jar;E:\javasource\maven-repository\org\slf4j\jul-to-slf4j\1.7.25\jul-to-slf4j-1.7.25.jar;E:\javasource\maven-repository\javax\annotation\javax.annotation-api\1.3.2\javax.annotation-api-1.3.2.jar;E:\javasource\maven-repository\org\yaml\snakeyaml\1.23\snakeyaml-1.23.jar;E:\javasource\maven-repository\org\thymeleaf\thymeleaf-spring5\3.0.11.RELEASE\thymeleaf-spring5-3.0.11.RELEASE.jar;E:\javasource\maven-repository\org\thymeleaf\thymeleaf\3.0.11.RELEASE\thymeleaf-3.0.11.RELEASE.jar;E:\javasource\maven-repository\org\attoparser\attoparser\2.0.5.RELEASE\attoparser-2.0.5.RELEASE.jar;E:\javasource\maven-repository\org\unbescape\unbescape\1.1.6.RELEASE\unbescape-1.1.6.RELEASE.jar;E:\javasource\maven-repository\org\thymeleaf\extras\thymeleaf-extras-java8time\3.0.3.RELEASE\thymeleaf-extras-java8time-3.0.3.RELEASE.jar;E:\javasource\maven-repository\org\springframework\boot\spring-boot-starter-web\2.1.3.RELEASE\spring-boot-starter-web-2.1.3.RELEASE.jar;E:\javasource\maven-repository\org\springframework\boot\spring-boot-starter-json\2.1.3.RELEASE\spring-boot-starter-json-2.1.3.RELEASE.jar;E:\javasource\maven-repository\com\fasterxml\jackson\datatype\jackson-datatype-jdk8\2.9.8\jackson-datatype-jdk8-2.9.8.jar;E:\javasource\maven-repository\com\fasterxml\jackson\datatype\jackson-datatype-jsr310\2.9.8\jackson-datatype-jsr310-2.9.8.jar;E:\javasource\maven-repository\com\fasterxml\jackson\module\jackson-module-parameter-names\2.9.8\jackson-module-parameter-names-2.9.8.jar;E:\javasource\maven-repository\org\springframework\boot\spring-boot-starter-tomcat\2.1.3.RELEASE\spring-boot-starter-tomcat-2.1.3.RELEASE.jar;E:\javasource\maven-repository\org\apache\tomcat\embed\tomcat-embed-websocket\9.0.16\tomcat-embed-websocket-9.0.16.jar;E:\javasource\maven-repository\org\hibernate\validator\hibernate-validator\6.0.14.Final\hibernate-validator-6.0.14.Final.jar;E:\javasource\maven-repository\javax\validation\validation-api\2.0.1.Final\validation-api-2.0.1.Final.jar;E:\javasource\maven-repository\org\jboss\logging\jboss-logging\3.3.2.Final\jboss-logging-3.3.2.Final.jar;E:\javasource\maven-repository\com\fasterxml\classmate\1.4.0\classmate-1.4.0.jar;E:\javasource\maven-repository\org\springframework\spring-web\5.1.5.RELEASE\spring-web-5.1.5.RELEASE.jar;E:\javasource\maven-repository\org\springframework\spring-beans\5.1.5.RELEASE\spring-beans-5.1.5.RELEASE.jar;E:\javasource\maven-repository\org\springframework\spring-webmvc\5.1.5.RELEASE\spring-webmvc-5.1.5.RELEASE.jar;E:\javasource\maven-repository\org\springframework\spring-aop\5.1.5.RELEASE\spring-aop-5.1.5.RELEASE.jar;E:\javasource\maven-repository\org\springframework\spring-context\5.1.5.RELEASE\spring-context-5.1.5.RELEASE.jar;E:\javasource\maven-repository\org\springframework\spring-expression\5.1.5.RELEASE\spring-expression-5.1.5.RELEASE.jar;E:\javasource\maven-repository\mysql\mysql-connector-java\5.1.30\mysql-connector-java-5.1.30.jar;E:\javasource\maven-repository\com\alipay\sdk\alipay-sdk-java\3.7.4.ALL\alipay-sdk-java-3.7.4.ALL.jar;E:\javasource\maven-repository\commons-logging\commons-logging\1.1.1\commons-logging-1.1.1.jar;E:\javasource\maven-repository\org\springframework\boot\spring-boot-starter-jdbc\2.1.3.RELEASE\spring-boot-starter-jdbc-2.1.3.RELEASE.jar;E:\javasource\maven-repository\com\zaxxer\HikariCP\3.2.0\HikariCP-3.2.0.jar;E:\javasource\maven-repository\org\springframework\spring-jdbc\5.1.5.RELEASE\spring-jdbc-5.1.5.RELEASE.jar;E:\javasource\maven-repository\org\springframework\spring-tx\5.1.5.RELEASE\spring-tx-5.1.5.RELEASE.jar;E:\javasource\maven-repository\org\springframework\boot\spring-boot-starter-test\2.1.3.RELEASE\spring-boot-starter-test-2.1.3.RELEASE.jar;E:\javasource\maven-repository\org\springframework\boot\spring-boot-test\2.1.3.RELEASE\spring-boot-test-2.1.3.RELEASE.jar;E:\javasource\maven-repository\org\springframework\boot\spring-boot-test-autoconfigure\2.1.3.RELEASE\spring-boot-test-autoconfigure-2.1.3.RELEASE.jar;E:\javasource\maven-repository\com\jayway\jsonpath\json-path\2.4.0\json-path-2.4.0.jar;E:\javasource\maven-repository\net\minidev\json-smart\2.3\json-smart-2.3.jar;E:\javasource\maven-repository\net\minidev\accessors-smart\1.2\accessors-smart-1.2.jar;E:\javasource\maven-repository\org\ow2\asm\asm\5.0.4\asm-5.0.4.jar;E:\javasource\maven-repository\junit\junit\4.12\junit-4.12.jar;E:\javasource\maven-repository\org\assertj\assertj-core\3.11.1\assertj-core-3.11.1.jar;E:\javasource\maven-repository\org\mockito\mockito-core\2.23.4\mockito-core-2.23.4.jar;E:\javasource\maven-repository\net\bytebuddy\byte-buddy\1.9.10\byte-buddy-1.9.10.jar;E:\javasource\maven-repository\net\bytebuddy\byte-buddy-agent\1.9.10\byte-buddy-agent-1.9.10.jar;E:\javasource\maven-repository\org\objenesis\objenesis\2.6\objenesis-2.6.jar;E:\javasource\maven-repository\org\hamcrest\hamcrest-core\1.3\hamcrest-core-1.3.jar;E:\javasource\maven-repository\org\hamcrest\hamcrest-library\1.3\hamcrest-library-1.3.jar;E:\javasource\maven-repository\org\skyscreamer\jsonassert\1.5.0\jsonassert-1.5.0.jar;E:\javasource\maven-repository\com\vaadin\external\google\android-json\0.0.20131108.vaadin1\android-json-0.0.20131108.vaadin1.jar;E:\javasource\maven-repository\org\springframework\spring-core\5.1.5.RELEASE\spring-core-5.1.5.RELEASE.jar;E:\javasource\maven-repository\org\springframework\spring-jcl\5.1.5.RELEASE\spring-jcl-5.1.5.RELEASE.jar;E:\javasource\maven-repository\org\springframework\spring-test\5.1.5.RELEASE\spring-test-5.1.5.RELEASE.jar;E:\javasource\maven-repository\org\xmlunit\xmlunit-core\2.6.2\xmlunit-core-2.6.2.jar;E:\javasource\maven-repository\org\springframework\boot\spring-boot-devtools\2.0.2.RELEASE\spring-boot-devtools-2.0.2.RELEASE.jar;E:\javasource\maven-repository\org\springframework\boot\spring-boot\2.1.3.RELEASE\spring-boot-2.1.3.RELEASE.jar;E:\javasource\maven-repository\org\springframework\boot\spring-boot-autoconfigure\2.1.3.RELEASE\spring-boot-autoconfigure-2.1.3.RELEASE.jar;E:\javasource\maven-repository\org\mybatis\spring\boot\mybatis-spring-boot-starter\1.3.2\mybatis-spring-boot-starter-1.3.2.jar;E:\javasource\maven-repository\org\mybatis\spring\boot\mybatis-spring-boot-autoconfigure\1.3.2\mybatis-spring-boot-autoconfigure-1.3.2.jar;E:\javasource\maven-repository\org\mybatis\mybatis\3.4.6\mybatis-3.4.6.jar;E:\javasource\maven-repository\org\mybatis\mybatis-spring\1.3.2\mybatis-spring-1.3.2.jar;E:\javasource\maven-repository\com\alibaba\druid\1.1.0\druid-1.1.0.jar;C:\Program Files\Java\jdk1.8.0_77\jre\..\lib\jconsole.jar;C:\Program Files\Java\jdk1.8.0_77\jre\..\lib\tools.jar;E:\javasource\maven-repository\org\mybatis\generator\mybatis-generator-core\1.3.5\mybatis-generator-core-1.3.5.jar;E:\javasource\maven-repository\org\springframework\boot\spring-boot-starter-mail\2.1.3.RELEASE\spring-boot-starter-mail-2.1.3.RELEASE.jar;E:\javasource\maven-repository\org\springframework\spring-context-support\5.1.5.RELEASE\spring-context-support-5.1.5.RELEASE.jar;E:\javasource\maven-repository\com\sun\mail\javax.mail\1.6.2\javax.mail-1.6.2.jar;E:\javasource\maven-repository\javax\activation\activation\1.1\activation-1.1.jar;E:\javasource\maven-repository\commons-io\commons-io\2.4\commons-io-2.4.jar;E:\javasource\maven-repository\org\apache\shiro\shiro-core\1.2.3\shiro-core-1.2.3.jar;E:\javasource\maven-repository\org\slf4j\slf4j-api\1.7.25\slf4j-api-1.7.25.jar;E:\javasource\maven-repository\commons-beanutils\commons-beanutils\1.8.3\commons-beanutils-1.8.3.jar;E:\javasource\maven-repository\org\apache\shiro\shiro-web\1.2.3\shiro-web-1.2.3.jar;E:\javasource\maven-repository\org\apache\shiro\shiro-ehcache\1.2.3\shiro-ehcache-1.2.3.jar;E:\javasource\maven-repository\net\sf\ehcache\ehcache-core\2.5.0\ehcache-core-2.5.0.jar;E:\javasource\maven-repository\org\apache\shiro\shiro-spring\1.2.3\shiro-spring-1.2.3.jar;E:\javasource\maven-repository\com\github\pagehelper\pagehelper-spring-boot-starter\1.2.3\pagehelper-spring-boot-starter-1.2.3.jar;E:\javasource\maven-repository\com\github\pagehelper\pagehelper-spring-boot-autoconfigure\1.2.3\pagehelper-spring-boot-autoconfigure-1.2.3.jar;E:\javasource\maven-repository\com\github\pagehelper\pagehelper\5.1.2\pagehelper-5.1.2.jar;E:\javasource\maven-repository\com\github\jsqlparser\jsqlparser\1.0\jsqlparser-1.0.jar;E:\javasource\maven-repository\commons-lang\commons-lang\2.6\commons-lang-2.6.jar;E:\javasource\maven-repository\javax\servlet\jstl\1.2\jstl-1.2.jar;E:\javasource\maven-repository\org\apache\tomcat\embed\tomcat-embed-jasper\9.0.16\tomcat-embed-jasper-9.0.16.jar;E:\javasource\maven-repository\org\apache\tomcat\embed\tomcat-embed-core\9.0.16\tomcat-embed-core-9.0.16.jar;E:\javasource\maven-repository\org\apache\tomcat\tomcat-annotations-api\9.0.16\tomcat-annotations-api-9.0.16.jar;E:\javasource\maven-repository\org\apache\tomcat\embed\tomcat-embed-el\9.0.16\tomcat-embed-el-9.0.16.jar;E:\javasource\maven-repository\org\eclipse\jdt\ecj\3.15.0\ecj-3.15.0.jar;E:\javasource\maven-repository\com\alibaba\fastjson\1.2.6\fastjson-1.2.6.jar;E:\javasource\maven-repository\com\fasterxml\jackson\core\jackson-core\2.9.5\jackson-core-2.9.5.jar;E:\javasource\maven-repository\com\fasterxml\jackson\core\jackson-databind\2.9.5\jackson-databind-2.9.5.jar;E:\javasource\maven-repository\com\fasterxml\jackson\core\jackson-annotations\2.9.5\jackson-annotations-2.9.5.jar;E:\javasource\maven-repository\org\projectlombok\lombok\1.18.6\lombok-1.18.6.jar;E:\javasource\maven-repository\cn\hutool\hutool-all\4.0.10\hutool-all-4.0.10.jar;E:\javasource\maven-repository\commons-fileupload\commons-fileupload\1.2.2\commons-fileupload-1.2.2.jar;"/>
    <property name="sun.cpu.endian" value="little"/>
    <property name="user.home" value="C:\Users\iverson"/>
    <property name="user.language" value="zh"/>
    <property name="java.specification.vendor" value="Oracle Corporation"/>
    <property name="java.home" value="C:\Program Files\Java\jdk1.8.0_77\jre"/>
    <property name="basedir" value="C:\Users\iverson\Downloads\jsoup-shop-master\shop"/>
    <property name="file.separator" value="\"/>
    <property name="line.separator" value="&#10;"/>
    <property name="java.vm.specification.vendor" value="Oracle Corporation"/>
    <property name="java.specification.name" value="Java Platform API Specification"/>
    <property name="java.awt.graphicsenv" value="sun.awt.Win32GraphicsEnvironment"/>
    <property name="surefire.real.class.path" value="C:\Users\iverson\AppData\Local\Temp\surefire554134970672297297\surefirebooter6796127747433044509.jar"/>
    <property name="sun.boot.class.path" value="C:\Program Files\Java\jdk1.8.0_77\jre\lib\resources.jar;C:\Program Files\Java\jdk1.8.0_77\jre\lib\rt.jar;C:\Program Files\Java\jdk1.8.0_77\jre\lib\sunrsasign.jar;C:\Program Files\Java\jdk1.8.0_77\jre\lib\jsse.jar;C:\Program Files\Java\jdk1.8.0_77\jre\lib\jce.jar;C:\Program Files\Java\jdk1.8.0_77\jre\lib\charsets.jar;C:\Program Files\Java\jdk1.8.0_77\jre\lib\jfr.jar;C:\Program Files\Java\jdk1.8.0_77\jre\classes"/>
    <property name="user.script" value=""/>
    <property name="sun.management.compiler" value="HotSpot 64-Bit Tiered Compilers"/>
    <property name="java.runtime.version" value="1.8.0_77-b03"/>
    <property name="user.name" value="iverson"/>
    <property name="path.separator" value=";"/>
    <property name="os.version" value="10.0"/>
    <property name="java.endorsed.dirs" value="C:\Program Files\Java\jdk1.8.0_77\jre\lib\endorsed"/>
    <property name="java.runtime.name" value="Java(TM) SE Runtime Environment"/>
    <property name="file.encoding" value="GBK"/>
    <property name="java.vm.name" value="Java HotSpot(TM) 64-Bit Server VM"/>
    <property name="localRepository" value="E:\javasource\maven-repository"/>
    <property name="java.vendor.url.bug" value="http://bugreport.sun.com/bugreport/"/>
    <property name="java.io.tmpdir" value="C:\Users\iverson\AppData\Local\Temp\"/>
    <property name="idea.version" value="2018.2.4"/>
    <property name="java.version" value="1.8.0_77"/>
    <property name="user.dir" value="C:\Users\iverson\Downloads\jsoup-shop-master\shop"/>
    <property name="os.arch" value="amd64"/>
    <property name="java.vm.specification.name" value="Java Virtual Machine Specification"/>
    <property name="java.awt.printerjob" value="sun.awt.windows.WPrinterJob"/>
    <property name="sun.os.patch.level" value=""/>
    <property name="java.library.path" value="C:\Program Files\Java\jdk1.8.0_77\jre\bin;C:\WINDOWS\Sun\Java\bin;C:\WINDOWS\system32;C:\WINDOWS;C:\ProgramData\Oracle\Java\javapath;C:\WINDOWS\system32;C:\WINDOWS;C:\WINDOWS\System32\Wbem;C:\WINDOWS\System32\WindowsPowerShell\v1.0\;C:\WINDOWS\System32\OpenSSH\;C:\Program Files\nodejs\;C:\Program Files\Java\jdk1.8.0_77\bin;C:\Program Files\Java\jdk1.8.0_77\jre\bin;d:\Program Files\Git\cmd;D:\npm;d:\npm\node_modules;C:\Program Files\OpenVPN\bin;E:\javasource\apache-maven-3.3.9-bin\apache-maven-3.3.9\bin;C:\Users\iverson\AppData\Local\Microsoft\WindowsApps;C:\Users\iverson\AppData\Roaming\npm;F:\tools\Microsoft VS Code\bin;."/>
    <property name="java.vm.info" value="mixed mode"/>
    <property name="java.vendor" value="Oracle Corporation"/>
    <property name="java.vm.version" value="25.77-b03"/>
    <property name="java.ext.dirs" value="C:\Program Files\Java\jdk1.8.0_77\jre\lib\ext;C:\WINDOWS\Sun\Java\lib\ext"/>
    <property name="sun.io.unicode.encoding" value="UnicodeLittle"/>
    <property name="maven.repo.local" value="E:\javasource\maven-repository"/>
    <property name="java.class.version" value="52.0"/>
  </properties>
  <testcase name="test" classname="com.ogx.shop.ShopApplicationTests" time="0.604"/>
  <testcase name="contextLoads" classname="com.ogx.shop.ShopApplicationTests" time="0.037"/>
</testsuite>